23:00:40.680 [main] INFO  testCases.TC001_AccountRegistrationTest - *********** finished TC001_AccountRegistrationTest ***********
23:00:40.783 [main] INFO  testCases.TC001_AccountRegistrationTest - *********** Starging TC001_AccountRegistrationTest ***********
23:01:36.687 [main] DEBUG org.testng.TestNG - suiteXmlPath: "C:\Users\anubh\OneDrive\Desktop\Eclipse workspace\OpencartV1\crossbrowserparallel.xml"
23:01:36.943 [main] INFO  org.testng.internal.Utils - [TestNG] Running:
  C:\Users\anubh\OneDrive\Desktop\Eclipse workspace\OpencartV1\crossbrowserparallel.xml

23:01:39.043 [main] INFO  testCases.TC001_AccountRegistrationTest - *********** Starging TC001_AccountRegistrationTest ***********
23:01:39.217 [main] INFO  testCases.TC001_AccountRegistrationTest - *********** clicked on myAccount link ***********
23:01:39.660 [main] INFO  testCases.TC001_AccountRegistrationTest - *********** clicked on register link ***********
23:01:39.661 [main] INFO  testCases.TC001_AccountRegistrationTest - *********** providing customer details ***********
23:01:41.226 [main] INFO  testCases.TC001_AccountRegistrationTest - *********** validating expected msg ***********
23:01:41.279 [main] INFO  testCases.TC001_AccountRegistrationTest - *********** finished TC001_AccountRegistrationTest ***********
23:01:43.146 [main] INFO  testCases.TC001_AccountRegistrationTest - *********** Starging TC001_AccountRegistrationTest ***********
23:01:43.287 [main] INFO  testCases.TC001_AccountRegistrationTest - *********** clicked on myAccount link ***********
23:01:43.781 [main] INFO  testCases.TC001_AccountRegistrationTest - *********** clicked on register link ***********
23:01:43.782 [main] INFO  testCases.TC001_AccountRegistrationTest - *********** providing customer details ***********
23:01:45.142 [main] INFO  testCases.TC001_AccountRegistrationTest - *********** validating expected msg ***********
23:01:45.189 [main] INFO  testCases.TC001_AccountRegistrationTest - *********** finished TC001_AccountRegistrationTest ***********
23:01:45.287 [main] INFO  testCases.TC001_AccountRegistrationTest - *********** Starging TC001_AccountRegistrationTest ***********
23:03:43.784 [main] DEBUG org.testng.TestNG - suiteXmlPath: "C:\Users\anubh\OneDrive\Desktop\Eclipse workspace\OpencartV1\crossbrowserparallel.xml"
23:03:43.988 [main] INFO  org.testng.internal.Utils - [TestNG] Running:
  C:\Users\anubh\OneDrive\Desktop\Eclipse workspace\OpencartV1\crossbrowserparallel.xml

23:03:46.313 [main] INFO  testCases.TC001_AccountRegistrationTest - *********** Starging TC001_AccountRegistrationTest ***********
23:03:46.440 [main] INFO  testCases.TC001_AccountRegistrationTest - *********** clicked on myAccount link ***********
23:03:46.954 [main] INFO  testCases.TC001_AccountRegistrationTest - *********** clicked on register link ***********
23:03:46.955 [main] INFO  testCases.TC001_AccountRegistrationTest - *********** providing customer details ***********
23:03:48.416 [main] INFO  testCases.TC001_AccountRegistrationTest - *********** validating expected msg ***********
23:03:48.497 [main] INFO  testCases.TC001_AccountRegistrationTest - *********** finished TC001_AccountRegistrationTest ***********
23:05:52.730 [main] DEBUG org.testng.TestNG - suiteXmlPath: "C:\Users\anubh\OneDrive\Desktop\Eclipse workspace\OpencartV1\crossbrowserparallel.xml"
23:05:52.951 [main] INFO  org.testng.internal.Utils - [TestNG] Running:
  C:\Users\anubh\OneDrive\Desktop\Eclipse workspace\OpencartV1\crossbrowserparallel.xml

23:05:55.865 [main] INFO  testCases.TC001_AccountRegistrationTest - *********** Starging TC001_AccountRegistrationTest ***********
23:05:56.003 [main] INFO  testCases.TC001_AccountRegistrationTest - *********** clicked on myAccount link ***********
23:05:56.629 [main] INFO  testCases.TC001_AccountRegistrationTest - *********** clicked on register link ***********
23:05:56.630 [main] INFO  testCases.TC001_AccountRegistrationTest - *********** providing customer details ***********
23:05:57.973 [main] INFO  testCases.TC001_AccountRegistrationTest - *********** validating expected msg ***********
23:05:58.030 [main] INFO  testCases.TC001_AccountRegistrationTest - *********** finished TC001_AccountRegistrationTest ***********
23:06:17.808 [main] DEBUG org.testng.TestNG - suiteXmlPath: "C:\Users\anubh\OneDrive\Desktop\Eclipse workspace\OpencartV1\crossbrowserparallel.xml"
23:06:18.062 [main] INFO  org.testng.internal.Utils - [TestNG] Running:
  C:\Users\anubh\OneDrive\Desktop\Eclipse workspace\OpencartV1\crossbrowserparallel.xml

23:06:23.585 [main] INFO  testCases.TC001_AccountRegistrationTest - *********** Starging TC001_AccountRegistrationTest ***********
23:06:23.863 [main] INFO  testCases.TC001_AccountRegistrationTest - *********** clicked on myAccount link ***********
23:06:24.363 [main] INFO  testCases.TC001_AccountRegistrationTest - *********** clicked on register link ***********
23:06:24.364 [main] INFO  testCases.TC001_AccountRegistrationTest - *********** providing customer details ***********
